<?xml version="1.0" encoding="UTF-8"?>
<testsuite name="com.osanvalley.moamail.MoamailApplicationTests" tests="1" skipped="0" failures="0" errors="0" timestamp="2024-03-15T04:59:38" hostname="codespaces-0164aa" time="0.255">
  <properties/>
  <testcase name="contextLoads()" classname="com.osanvalley.moamail.MoamailApplicationTests" time="0.255"/>
  <system-out><![CDATA[04:59:28.796 [Test worker] DEBUG org.springframework.test.context.BootstrapUtils - Instantiating CacheAwareContextLoaderDelegate from class [org.springframework.test.context.cache.DefaultCacheAwareContextLoaderDelegate]
04:59:28.812 [Test worker] DEBUG org.springframework.test.context.BootstrapUtils - Instantiating BootstrapContext using constructor [public org.springframework.test.context.support.DefaultBootstrapContext(java.lang.Class,org.springframework.test.context.CacheAwareContextLoaderDelegate)]
04:59:28.866 [Test worker] DEBUG org.springframework.test.context.BootstrapUtils - Instantiating TestContextBootstrapper for test class [com.osanvalley.moamail.MoamailApplicationTests] from class [org.springframework.boot.test.context.SpringBootTestContextBootstrapper]
04:59:28.878 [Test worker] INFO org.springframework.boot.test.context.SpringBootTestContextBootstrapper - Neither @ContextConfiguration nor @ContextHierarchy found for test class [com.osanvalley.moamail.MoamailApplicationTests], using SpringBootContextLoader
04:59:28.883 [Test worker] DEBUG org.springframework.test.context.support.AbstractContextLoader - Did not detect default resource location for test class [com.osanvalley.moamail.MoamailApplicationTests]: class path resource [com/osanvalley/moamail/MoamailApplicationTests-context.xml] does not exist
04:59:28.884 [Test worker] DEBUG org.springframework.test.context.support.AbstractContextLoader - Did not detect default resource location for test class [com.osanvalley.moamail.MoamailApplicationTests]: class path resource [com/osanvalley/moamail/MoamailApplicationTestsContext.groovy] does not exist
04:59:28.885 [Test worker] INFO org.springframework.test.context.support.AbstractContextLoader - Could not detect default resource locations for test class [com.osanvalley.moamail.MoamailApplicationTests]: no resource found for suffixes {-context.xml, Context.groovy}.
04:59:28.888 [Test worker] INFO org.springframework.test.context.support.AnnotationConfigContextLoaderUtils - Could not detect default configuration classes for test class [com.osanvalley.moamail.MoamailApplicationTests]: MoamailApplicationTests does not declare any static, non-private, non-final, nested classes annotated with @Configuration.
04:59:28.958 [Test worker] DEBUG org.springframework.test.context.support.ActiveProfilesUtils - Could not find an 'annotation declaring class' for annotation type [org.springframework.test.context.ActiveProfiles] and class [com.osanvalley.moamail.MoamailApplicationTests]
04:59:29.083 [Test worker] DEBUG org.springframework.context.annotation.ClassPathScanningCandidateComponentProvider - Identified candidate component class: file [/workspaces/moamail/build/classes/java/main/com/osanvalley/moamail/MoamailApplication.class]
04:59:29.085 [Test worker] INFO org.springframework.boot.test.context.SpringBootTestContextBootstrapper - Found @SpringBootConfiguration com.osanvalley.moamail.MoamailApplication for test class com.osanvalley.moamail.MoamailApplicationTests
04:59:29.276 [Test worker] DEBUG org.springframework.boot.test.context.SpringBootTestContextBootstrapper - @TestExecutionListeners is not present for class [com.osanvalley.moamail.MoamailApplicationTests]: using defaults.
04:59:29.277 [Test worker] INFO org.springframework.boot.test.context.SpringBootTestContextBootstrapper - Loaded default TestExecutionListener class names from location [META-INF/spring.factories]: [org.springframework.test.context.web.ServletTestExecutionListener, org.springframework.test.context.support.DirtiesContextBeforeModesTestExecutionListener, org.springframework.test.context.event.ApplicationEventsTestExecutionListener, org.springframework.test.context.support.DependencyInjectionTestExecutionListener, org.springframework.test.context.support.DirtiesContextTestExecutionListener, org.springframework.test.context.transaction.TransactionalTestExecutionListener, org.springframework.test.context.jdbc.SqlScriptsTestExecutionListener, org.springframework.test.context.event.EventPublishingTestExecutionListener, org.springframework.boot.test.autoconfigure.restdocs.RestDocsTestExecutionListener, org.springframework.boot.test.autoconfigure.web.client.MockRestServiceServerResetTestExecutionListener, org.springframework.boot.test.autoconfigure.web.servlet.MockMvcPrintOnlyOnFailureTestExecutionListener, org.springframework.boot.test.autoconfigure.web.servlet.WebDriverTestExecutionListener, org.springframework.boot.test.autoconfigure.webservices.client.MockWebServiceServerTestExecutionListener, org.springframework.boot.test.mock.mockito.MockitoTestExecutionListener, org.springframework.boot.test.mock.mockito.ResetMocksTestExecutionListener]
04:59:29.321 [Test worker] INFO org.springframework.boot.test.context.SpringBootTestContextBootstrapper - Using TestExecutionListeners: [org.springframework.test.context.web.ServletTestExecutionListener@282308c3, org.springframework.test.context.support.DirtiesContextBeforeModesTestExecutionListener@5dda14d0, org.springframework.test.context.event.ApplicationEventsTestExecutionListener@1db0ec27, org.springframework.boot.test.mock.mockito.MockitoTestExecutionListener@3d9fc57a, org.springframework.boot.test.autoconfigure.SpringBootDependencyInjectionTestExecutionListener@d4ab71a, org.springframework.test.context.support.DirtiesContextTestExecutionListener@3b4ef7, org.springframework.test.context.transaction.TransactionalTestExecutionListener@1af05b03, org.springframework.test.context.jdbc.SqlScriptsTestExecutionListener@5987e932, org.springframework.test.context.event.EventPublishingTestExecutionListener@1ad777f, org.springframework.boot.test.autoconfigure.restdocs.RestDocsTestExecutionListener@5bbbdd4b, org.springframework.boot.test.autoconfigure.web.client.MockRestServiceServerResetTestExecutionListener@438bad7c, org.springframework.boot.test.autoconfigure.web.servlet.MockMvcPrintOnlyOnFailureTestExecutionListener@25230246, org.springframework.boot.test.autoconfigure.web.servlet.WebDriverTestExecutionListener@4fdf8f12, org.springframework.boot.test.autoconfigure.webservices.client.MockWebServiceServerTestExecutionListener@4a8b5227, org.springframework.boot.test.mock.mockito.ResetMocksTestExecutionListener@54f5f647]
04:59:29.325 [Test worker] DEBUG org.springframework.test.context.support.AbstractDirtiesContextTestExecutionListener - Before test class: context [DefaultTestContext@6105f8a3 testClass = MoamailApplicationTests, testInstance = [null], testMethod = [null], testException = [null], mergedContextConfiguration = [WebMergedContextConfiguration@2237bada testClass = MoamailApplicationTests, locations = '{}', classes = '{class com.osanvalley.moamail.MoamailApplication}', contextInitializerClasses = '[]', activeProfiles = '{}', propertySourceLocations = '{}', propertySourceProperties = '{org.springframework.boot.test.context.SpringBootTestContextBootstrapper=true}', contextCustomizers = set[org.springframework.boot.test.autoconfigure.actuate.metrics.MetricsExportContextCustomizerFactory$DisableMetricExportContextCustomizer@13e3c1c7, org.springframework.boot.test.autoconfigure.properties.PropertyMappingContextCustomizer@0, org.springframework.boot.test.autoconfigure.web.servlet.WebDriverContextCustomizerFactory$Customizer@62dae540, org.springframework.boot.test.context.filter.ExcludeFilterContextCustomizer@636e8cc, org.springframework.boot.test.json.DuplicateJsonObjectContextCustomizerFactory$DuplicateJsonObjectContextCustomizer@619bfe29, org.springframework.boot.test.mock.mockito.MockitoContextCustomizer@0, org.springframework.boot.test.web.client.TestRestTemplateContextCustomizer@485a3466, org.springframework.boot.test.web.reactive.server.WebTestClientContextCustomizer@c260bdc, org.springframework.boot.test.context.SpringBootTestArgs@1, org.springframework.boot.test.context.SpringBootTestWebEnvironment@4c012563], resourceBasePath = 'src/main/webapp', contextLoader = 'org.springframework.boot.test.context.SpringBootContextLoader', parent = [null]], attributes = map['org.springframework.test.context.web.ServletTestExecutionListener.activateListener' -> true]], class annotated with @DirtiesContext [false] with mode [null].

  .   ____          _            __ _ _
 /\\ / ___'_ __ _ _(_)_ __  __ _ \ \ \ \
( ( )\___ | '_ | '_| | '_ \/ _` | \ \ \ \
 \\/  ___)| |_)| | | | | || (_| |  ) ) ) )
  '  |____| .__|_| |_|_| |_\__, | / / / /
 =========|_|==============|___/=/_/_/_/
 :: Spring Boot ::                (v2.7.8)

2024-03-15 04:59:29.879  WARN 7674 --- [    Test worker] ory$DuplicateJsonObjectContextCustomizer : 

Found multiple occurrences of org.json.JSONObject on the class path:

	jar:file:/home/codespace/.gradle/caches/modules-2/files-2.1/org.json/json/20220320/6df2c050972619466f6dcef7654ef9bcc01dfd0/json-20220320.jar!/org/json/JSONObject.class
	jar:file:/home/codespace/.gradle/caches/modules-2/files-2.1/com.vaadin.external.google/android-json/0.0.20131108.vaadin1/fa26d351fe62a6a17f5cda1287c1c6110dec413f/android-json-0.0.20131108.vaadin1.jar!/org/json/JSONObject.class

You may wish to exclude one of them to ensure predictable runtime behavior

2024-03-15 04:59:29.912  INFO 7674 --- [    Test worker] c.o.moamail.MoamailApplicationTests      : Starting MoamailApplicationTests using Java 11.0.14.1 on codespaces-0164aa with PID 7674 (started by codespace in /workspaces/moamail)
2024-03-15 04:59:29.914  INFO 7674 --- [    Test worker] c.o.moamail.MoamailApplicationTests      : No active profile set, falling back to 1 default profile: "default"
2024-03-15 04:59:31.894  INFO 7674 --- [    Test worker] .s.d.r.c.RepositoryConfigurationDelegate : Multiple Spring Data modules found, entering strict repository configuration mode
2024-03-15 04:59:31.896  INFO 7674 --- [    Test worker] .s.d.r.c.RepositoryConfigurationDelegate : Bootstrapping Spring Data JPA repositories in DEFAULT mode.
2024-03-15 04:59:31.918  INFO 7674 --- [    Test worker] .s.d.r.c.RepositoryConfigurationDelegate : Finished Spring Data repository scanning in 14 ms. Found 0 JPA repository interfaces.
2024-03-15 04:59:31.934  INFO 7674 --- [    Test worker] .s.d.r.c.RepositoryConfigurationDelegate : Multiple Spring Data modules found, entering strict repository configuration mode
2024-03-15 04:59:31.936  INFO 7674 --- [    Test worker] .s.d.r.c.RepositoryConfigurationDelegate : Bootstrapping Spring Data Redis repositories in DEFAULT mode.
2024-03-15 04:59:31.947  INFO 7674 --- [    Test worker] .s.d.r.c.RepositoryConfigurationDelegate : Finished Spring Data repository scanning in 2 ms. Found 0 Redis repository interfaces.
2024-03-15 04:59:33.104  INFO 7674 --- [    Test worker] o.hibernate.jpa.internal.util.LogHelper  : HHH000204: Processing PersistenceUnitInfo [name: default]
2024-03-15 04:59:33.188  INFO 7674 --- [    Test worker] org.hibernate.Version                    : HHH000412: Hibernate ORM core version 5.6.14.Final
2024-03-15 04:59:33.432  INFO 7674 --- [    Test worker] o.hibernate.annotations.common.Version   : HCANN000001: Hibernate Commons Annotations {5.1.2.Final}
2024-03-15 04:59:33.569  INFO 7674 --- [    Test worker] com.zaxxer.hikari.HikariDataSource       : HikariPool-1 - Starting...
2024-03-15 04:59:35.164  INFO 7674 --- [    Test worker] com.zaxxer.hikari.HikariDataSource       : HikariPool-1 - Start completed.
2024-03-15 04:59:35.182  INFO 7674 --- [    Test worker] org.hibernate.dialect.Dialect            : HHH000400: Using dialect: org.hibernate.dialect.MySQL8Dialect
2024-03-15 04:59:35.687  INFO 7674 --- [    Test worker] o.h.e.t.j.p.i.JtaPlatformInitiator       : HHH000490: Using JtaPlatform implementation: [org.hibernate.engine.transaction.jta.platform.internal.NoJtaPlatform]
2024-03-15 04:59:35.699  INFO 7674 --- [    Test worker] j.LocalContainerEntityManagerFactoryBean : Initialized JPA EntityManagerFactory for persistence unit 'default'
2024-03-15 04:59:36.319  WARN 7674 --- [    Test worker] JpaBaseConfiguration$JpaWebConfiguration : spring.jpa.open-in-view is enabled by default. Therefore, database queries may be performed during view rendering. Explicitly configure spring.jpa.open-in-view to disable this warning
2024-03-15 04:59:38.468  INFO 7674 --- [    Test worker] c.o.moamail.MoamailApplicationTests      : Started MoamailApplicationTests in 9.102 seconds (JVM running for 11.182)
]]></system-out>
  <system-err><![CDATA[]]></system-err>
</testsuite>
