<?xml version="1.0" encoding="UTF-8"?>
<testsuite name="com.osanvalley.moamail.MoamailApplicationTests" tests="1" skipped="0" failures="0" errors="0" timestamp="2024-03-13T07:03:48" hostname="codespaces-0164aa" time="0.285">
  <properties/>
  <testcase name="contextLoads()" classname="com.osanvalley.moamail.MoamailApplicationTests" time="0.285"/>
  <system-out><![CDATA[07:03:39.207 [Test worker] DEBUG org.springframework.test.context.BootstrapUtils - Instantiating CacheAwareContextLoaderDelegate from class [org.springframework.test.context.cache.DefaultCacheAwareContextLoaderDelegate]
07:03:39.224 [Test worker] DEBUG org.springframework.test.context.BootstrapUtils - Instantiating BootstrapContext using constructor [public org.springframework.test.context.support.DefaultBootstrapContext(java.lang.Class,org.springframework.test.context.CacheAwareContextLoaderDelegate)]
07:03:39.261 [Test worker] DEBUG org.springframework.test.context.BootstrapUtils - Instantiating TestContextBootstrapper for test class [com.osanvalley.moamail.MoamailApplicationTests] from class [org.springframework.boot.test.context.SpringBootTestContextBootstrapper]
07:03:39.272 [Test worker] INFO org.springframework.boot.test.context.SpringBootTestContextBootstrapper - Neither @ContextConfiguration nor @ContextHierarchy found for test class [com.osanvalley.moamail.MoamailApplicationTests], using SpringBootContextLoader
07:03:39.276 [Test worker] DEBUG org.springframework.test.context.support.AbstractContextLoader - Did not detect default resource location for test class [com.osanvalley.moamail.MoamailApplicationTests]: class path resource [com/osanvalley/moamail/MoamailApplicationTests-context.xml] does not exist
07:03:39.277 [Test worker] DEBUG org.springframework.test.context.support.AbstractContextLoader - Did not detect default resource location for test class [com.osanvalley.moamail.MoamailApplicationTests]: class path resource [com/osanvalley/moamail/MoamailApplicationTestsContext.groovy] does not exist
07:03:39.277 [Test worker] INFO org.springframework.test.context.support.AbstractContextLoader - Could not detect default resource locations for test class [com.osanvalley.moamail.MoamailApplicationTests]: no resource found for suffixes {-context.xml, Context.groovy}.
07:03:39.278 [Test worker] INFO org.springframework.test.context.support.AnnotationConfigContextLoaderUtils - Could not detect default configuration classes for test class [com.osanvalley.moamail.MoamailApplicationTests]: MoamailApplicationTests does not declare any static, non-private, non-final, nested classes annotated with @Configuration.
07:03:39.346 [Test worker] DEBUG org.springframework.test.context.support.ActiveProfilesUtils - Could not find an 'annotation declaring class' for annotation type [org.springframework.test.context.ActiveProfiles] and class [com.osanvalley.moamail.MoamailApplicationTests]
07:03:39.419 [Test worker] DEBUG org.springframework.context.annotation.ClassPathScanningCandidateComponentProvider - Identified candidate component class: file [/workspaces/moamail/build/classes/java/main/com/osanvalley/moamail/MoamailApplication.class]
07:03:39.421 [Test worker] INFO org.springframework.boot.test.context.SpringBootTestContextBootstrapper - Found @SpringBootConfiguration com.osanvalley.moamail.MoamailApplication for test class com.osanvalley.moamail.MoamailApplicationTests
07:03:39.573 [Test worker] DEBUG org.springframework.boot.test.context.SpringBootTestContextBootstrapper - @TestExecutionListeners is not present for class [com.osanvalley.moamail.MoamailApplicationTests]: using defaults.
07:03:39.574 [Test worker] INFO org.springframework.boot.test.context.SpringBootTestContextBootstrapper - Loaded default TestExecutionListener class names from location [META-INF/spring.factories]: [org.springframework.test.context.web.ServletTestExecutionListener, org.springframework.test.context.support.DirtiesContextBeforeModesTestExecutionListener, org.springframework.test.context.event.ApplicationEventsTestExecutionListener, org.springframework.test.context.support.DependencyInjectionTestExecutionListener, org.springframework.test.context.support.DirtiesContextTestExecutionListener, org.springframework.test.context.transaction.TransactionalTestExecutionListener, org.springframework.test.context.jdbc.SqlScriptsTestExecutionListener, org.springframework.test.context.event.EventPublishingTestExecutionListener, org.springframework.boot.test.autoconfigure.restdocs.RestDocsTestExecutionListener, org.springframework.boot.test.autoconfigure.web.client.MockRestServiceServerResetTestExecutionListener, org.springframework.boot.test.autoconfigure.web.servlet.MockMvcPrintOnlyOnFailureTestExecutionListener, org.springframework.boot.test.autoconfigure.web.servlet.WebDriverTestExecutionListener, org.springframework.boot.test.autoconfigure.webservices.client.MockWebServiceServerTestExecutionListener, org.springframework.boot.test.mock.mockito.MockitoTestExecutionListener, org.springframework.boot.test.mock.mockito.ResetMocksTestExecutionListener]
07:03:39.595 [Test worker] INFO org.springframework.boot.test.context.SpringBootTestContextBootstrapper - Using TestExecutionListeners: [org.springframework.test.context.web.ServletTestExecutionListener@420bc288, org.springframework.test.context.support.DirtiesContextBeforeModesTestExecutionListener@df5f5c0, org.springframework.test.context.event.ApplicationEventsTestExecutionListener@308a6984, org.springframework.boot.test.mock.mockito.MockitoTestExecutionListener@66b72664, org.springframework.boot.test.autoconfigure.SpringBootDependencyInjectionTestExecutionListener@7a34b7b8, org.springframework.test.context.support.DirtiesContextTestExecutionListener@58cd06cb, org.springframework.test.context.transaction.TransactionalTestExecutionListener@3be8821f, org.springframework.test.context.jdbc.SqlScriptsTestExecutionListener@64b31700, org.springframework.test.context.event.EventPublishingTestExecutionListener@3b65e559, org.springframework.boot.test.autoconfigure.restdocs.RestDocsTestExecutionListener@bae47a0, org.springframework.boot.test.autoconfigure.web.client.MockRestServiceServerResetTestExecutionListener@74a9c4b0, org.springframework.boot.test.autoconfigure.web.servlet.MockMvcPrintOnlyOnFailureTestExecutionListener@85ec632, org.springframework.boot.test.autoconfigure.web.servlet.WebDriverTestExecutionListener@1c05a54d, org.springframework.boot.test.autoconfigure.webservices.client.MockWebServiceServerTestExecutionListener@65ef722a, org.springframework.boot.test.mock.mockito.ResetMocksTestExecutionListener@5fd9b663]
07:03:39.608 [Test worker] DEBUG org.springframework.test.context.support.AbstractDirtiesContextTestExecutionListener - Before test class: context [DefaultTestContext@d71adc2 testClass = MoamailApplicationTests, testInstance = [null], testMethod = [null], testException = [null], mergedContextConfiguration = [WebMergedContextConfiguration@3add81c4 testClass = MoamailApplicationTests, locations = '{}', classes = '{class com.osanvalley.moamail.MoamailApplication}', contextInitializerClasses = '[]', activeProfiles = '{}', propertySourceLocations = '{}', propertySourceProperties = '{org.springframework.boot.test.context.SpringBootTestContextBootstrapper=true}', contextCustomizers = set[org.springframework.boot.test.autoconfigure.actuate.metrics.MetricsExportContextCustomizerFactory$DisableMetricExportContextCustomizer@618c5d94, org.springframework.boot.test.autoconfigure.properties.PropertyMappingContextCustomizer@0, org.springframework.boot.test.autoconfigure.web.servlet.WebDriverContextCustomizerFactory$Customizer@630cb4a4, org.springframework.boot.test.context.filter.ExcludeFilterContextCustomizer@239b0f9d, org.springframework.boot.test.json.DuplicateJsonObjectContextCustomizerFactory$DuplicateJsonObjectContextCustomizer@5b7ea70d, org.springframework.boot.test.mock.mockito.MockitoContextCustomizer@0, org.springframework.boot.test.web.client.TestRestTemplateContextCustomizer@5b04476e, org.springframework.boot.test.web.reactive.server.WebTestClientContextCustomizer@4a335fa8, org.springframework.boot.test.context.SpringBootTestArgs@1, org.springframework.boot.test.context.SpringBootTestWebEnvironment@e3c0e40], resourceBasePath = 'src/main/webapp', contextLoader = 'org.springframework.boot.test.context.SpringBootContextLoader', parent = [null]], attributes = map['org.springframework.test.context.web.ServletTestExecutionListener.activateListener' -> true]], class annotated with @DirtiesContext [false] with mode [null].

  .   ____          _            __ _ _
 /\\ / ___'_ __ _ _(_)_ __  __ _ \ \ \ \
( ( )\___ | '_ | '_| | '_ \/ _` | \ \ \ \
 \\/  ___)| |_)| | | | | || (_| |  ) ) ) )
  '  |____| .__|_| |_|_| |_\__, | / / / /
 =========|_|==============|___/=/_/_/_/
 :: Spring Boot ::                (v2.7.8)

2024-03-13 07:03:40.390  WARN 2431 --- [    Test worker] ory$DuplicateJsonObjectContextCustomizer : 

Found multiple occurrences of org.json.JSONObject on the class path:

	jar:file:/home/codespace/.gradle/caches/modules-2/files-2.1/org.json/json/20220320/6df2c050972619466f6dcef7654ef9bcc01dfd0/json-20220320.jar!/org/json/JSONObject.class
	jar:file:/home/codespace/.gradle/caches/modules-2/files-2.1/com.vaadin.external.google/android-json/0.0.20131108.vaadin1/fa26d351fe62a6a17f5cda1287c1c6110dec413f/android-json-0.0.20131108.vaadin1.jar!/org/json/JSONObject.class

You may wish to exclude one of them to ensure predictable runtime behavior

2024-03-13 07:03:40.409  INFO 2431 --- [    Test worker] c.o.moamail.MoamailApplicationTests      : Starting MoamailApplicationTests using Java 11.0.14.1 on codespaces-0164aa with PID 2431 (started by codespace in /workspaces/moamail)
2024-03-13 07:03:40.411  INFO 2431 --- [    Test worker] c.o.moamail.MoamailApplicationTests      : No active profile set, falling back to 1 default profile: "default"
2024-03-13 07:03:42.082  INFO 2431 --- [    Test worker] .s.d.r.c.RepositoryConfigurationDelegate : Multiple Spring Data modules found, entering strict repository configuration mode
2024-03-13 07:03:42.085  INFO 2431 --- [    Test worker] .s.d.r.c.RepositoryConfigurationDelegate : Bootstrapping Spring Data JPA repositories in DEFAULT mode.
2024-03-13 07:03:42.107  INFO 2431 --- [    Test worker] .s.d.r.c.RepositoryConfigurationDelegate : Finished Spring Data repository scanning in 5 ms. Found 0 JPA repository interfaces.
2024-03-13 07:03:42.140  INFO 2431 --- [    Test worker] .s.d.r.c.RepositoryConfigurationDelegate : Multiple Spring Data modules found, entering strict repository configuration mode
2024-03-13 07:03:42.141  INFO 2431 --- [    Test worker] .s.d.r.c.RepositoryConfigurationDelegate : Bootstrapping Spring Data Redis repositories in DEFAULT mode.
2024-03-13 07:03:42.152  INFO 2431 --- [    Test worker] .s.d.r.c.RepositoryConfigurationDelegate : Finished Spring Data repository scanning in 1 ms. Found 0 Redis repository interfaces.
2024-03-13 07:03:43.156  INFO 2431 --- [    Test worker] o.hibernate.jpa.internal.util.LogHelper  : HHH000204: Processing PersistenceUnitInfo [name: default]
2024-03-13 07:03:43.202  INFO 2431 --- [    Test worker] org.hibernate.Version                    : HHH000412: Hibernate ORM core version 5.6.14.Final
2024-03-13 07:03:43.397  INFO 2431 --- [    Test worker] o.hibernate.annotations.common.Version   : HCANN000001: Hibernate Commons Annotations {5.1.2.Final}
2024-03-13 07:03:43.508  INFO 2431 --- [    Test worker] com.zaxxer.hikari.HikariDataSource       : HikariPool-1 - Starting...
2024-03-13 07:03:45.706  INFO 2431 --- [    Test worker] com.zaxxer.hikari.HikariDataSource       : HikariPool-1 - Start completed.
2024-03-13 07:03:45.723  INFO 2431 --- [    Test worker] org.hibernate.dialect.Dialect            : HHH000400: Using dialect: org.hibernate.dialect.MySQL8Dialect
2024-03-13 07:03:46.261  INFO 2431 --- [    Test worker] o.h.e.t.j.p.i.JtaPlatformInitiator       : HHH000490: Using JtaPlatform implementation: [org.hibernate.engine.transaction.jta.platform.internal.NoJtaPlatform]
2024-03-13 07:03:46.276  INFO 2431 --- [    Test worker] j.LocalContainerEntityManagerFactoryBean : Initialized JPA EntityManagerFactory for persistence unit 'default'
2024-03-13 07:03:46.751  WARN 2431 --- [    Test worker] JpaBaseConfiguration$JpaWebConfiguration : spring.jpa.open-in-view is enabled by default. Therefore, database queries may be performed during view rendering. Explicitly configure spring.jpa.open-in-view to disable this warning
2024-03-13 07:03:48.807  INFO 2431 --- [    Test worker] c.o.moamail.MoamailApplicationTests      : Started MoamailApplicationTests in 9.018 seconds (JVM running for 11.938)
]]></system-out>
  <system-err><![CDATA[]]></system-err>
</testsuite>
